<?xml version="1.0" encoding="UTF-8"?>
<coverage generated="1563040235879" clover="3.2.0">
  <project timestamp="1563040235879" name="All files">
    <metrics statements="83" coveredstatements="81" conditionals="39" coveredconditionals="39" methods="21" coveredmethods="18" elements="143" coveredelements="138" complexity="0" loc="83" ncloc="83" packages="1" files="4" classes="4"/>
    <file name="Event.js" path="/Users/alacret/workspace/flux-state/src/v2/Event.js">
      <metrics statements="24" coveredstatements="24" conditionals="12" coveredconditionals="12" methods="5" coveredmethods="5"/>
      <line num="16" count="20" type="stmt"/>
      <line num="17" count="17" type="stmt"/>
      <line num="18" count="17" type="stmt"/>
      <line num="19" count="17" type="stmt"/>
      <line num="21" count="17" type="cond" truecount="2" falsecount="0"/>
      <line num="22" count="2" type="stmt"/>
      <line num="24" count="15" type="cond" truecount="2" falsecount="0"/>
      <line num="25" count="4" type="stmt"/>
      <line num="27" count="11" type="cond" truecount="2" falsecount="0"/>
      <line num="28" count="1" type="stmt"/>
      <line num="30" count="10" type="stmt"/>
      <line num="31" count="10" type="cond" truecount="2" falsecount="0"/>
      <line num="32" count="3" type="stmt"/>
      <line num="35" count="7" type="stmt"/>
      <line num="46" count="8" type="cond" truecount="2" falsecount="0"/>
      <line num="47" count="4" type="stmt"/>
      <line num="48" count="4" type="stmt"/>
      <line num="57" count="3" type="cond" truecount="2" falsecount="0"/>
      <line num="58" count="1" type="stmt"/>
      <line num="61" count="3" type="stmt"/>
      <line num="62" count="3" type="stmt"/>
      <line num="63" count="2" type="stmt"/>
      <line num="65" count="3" type="stmt"/>
      <line num="66" count="3" type="stmt"/>
    </file>
    <file name="Store.js" path="/Users/alacret/workspace/flux-state/src/v2/Store.js">
      <metrics statements="34" coveredstatements="34" conditionals="17" coveredconditionals="17" methods="9" coveredmethods="9"/>
      <line num="10" count="1" type="stmt"/>
      <line num="21" count="3" type="stmt"/>
      <line num="24" count="3" type="stmt"/>
      <line num="25" count="2" type="cond" truecount="2" falsecount="0"/>
      <line num="26" count="1" type="stmt"/>
      <line num="30" count="2" type="cond" truecount="2" falsecount="0"/>
      <line num="31" count="1" type="stmt"/>
      <line num="33" count="1" type="stmt"/>
      <line num="34" count="2" type="stmt"/>
      <line num="35" count="2" type="stmt"/>
      <line num="49" count="6" type="stmt"/>
      <line num="51" count="6" type="cond" truecount="2" falsecount="0"/>
      <line num="52" count="3" type="stmt"/>
      <line num="54" count="3" type="stmt"/>
      <line num="55" count="4" type="stmt"/>
      <line num="56" count="4" type="cond" truecount="2" falsecount="0"/>
      <line num="57" count="2" type="stmt"/>
      <line num="58" count="2" type="cond" truecount="2" falsecount="0"/>
      <line num="59" count="1" type="stmt"/>
      <line num="60" count="1" type="stmt"/>
      <line num="63" count="1" type="stmt"/>
      <line num="72" count="4" type="cond" truecount="4" falsecount="0"/>
      <line num="73" count="3" type="stmt"/>
      <line num="75" count="1" type="stmt"/>
      <line num="76" count="1" type="stmt"/>
      <line num="77" count="2" type="stmt"/>
      <line num="78" count="2" type="stmt"/>
      <line num="79" count="2" type="stmt"/>
      <line num="81" count="1" type="stmt"/>
      <line num="90" count="3" type="stmt"/>
      <line num="91" count="4" type="cond" truecount="2" falsecount="0"/>
      <line num="92" count="2" type="stmt"/>
      <line num="93" count="1" type="stmt"/>
      <line num="101" count="2" type="stmt"/>
    </file>
    <file name="Util.js" path="/Users/alacret/workspace/flux-state/src/v2/Util.js">
      <metrics statements="7" coveredstatements="7" conditionals="6" coveredconditionals="6" methods="1" coveredmethods="1"/>
      <line num="9" count="36" type="cond" truecount="2" falsecount="0"/>
      <line num="10" count="2" type="stmt"/>
      <line num="11" count="34" type="cond" truecount="2" falsecount="0"/>
      <line num="12" count="2" type="stmt"/>
      <line num="13" count="32" type="cond" truecount="2" falsecount="0"/>
      <line num="14" count="2" type="stmt"/>
      <line num="16" count="30" type="stmt"/>
    </file>
    <file name="index.js" path="/Users/alacret/workspace/flux-state/src/v2/index.js">
      <metrics statements="18" coveredstatements="16" conditionals="4" coveredconditionals="4" methods="6" coveredmethods="3"/>
      <line num="5" count="1" type="stmt"/>
      <line num="7" count="1" type="stmt"/>
      <line num="9" count="4" type="stmt"/>
      <line num="10" count="4" type="stmt"/>
      <line num="11" count="4" type="stmt"/>
      <line num="12" count="8" type="cond" truecount="2" falsecount="0"/>
      <line num="15" count="3" type="stmt"/>
      <line num="16" count="3" type="stmt"/>
      <line num="20" count="4" type="cond" truecount="2" falsecount="0"/>
      <line num="21" count="1" type="stmt"/>
      <line num="23" count="3" type="stmt"/>
      <line num="24" count="0" type="stmt"/>
      <line num="25" count="0" type="stmt"/>
      <line num="29" count="1" type="stmt"/>
      <line num="36" count="1" type="stmt"/>
      <line num="38" count="7" type="stmt"/>
      <line num="39" count="4" type="stmt"/>
      <line num="42" count="1" type="stmt"/>
    </file>
  </project>
</coverage>
