{"/Users/alacret/workspace/flux-state/src/v2/Event.js": {"path":"/Users/alacret/workspace/flux-state/src/v2/Event.js","statementMap":{"0":{"start":{"line":16,"column":4},"end":{"line":16,"column":41}},"1":{"start":{"line":17,"column":4},"end":{"line":17,"column":27}},"2":{"start":{"line":18,"column":4},"end":{"line":18,"column":22}},"3":{"start":{"line":19,"column":4},"end":{"line":19,"column":33}},"4":{"start":{"line":21,"column":4},"end":{"line":22,"column":13}},"5":{"start":{"line":22,"column":6},"end":{"line":22,"column":13}},"6":{"start":{"line":24,"column":4},"end":{"line":25,"column":55}},"7":{"start":{"line":25,"column":6},"end":{"line":25,"column":55}},"8":{"start":{"line":27,"column":4},"end":{"line":28,"column":63}},"9":{"start":{"line":28,"column":6},"end":{"line":28,"column":63}},"10":{"start":{"line":30,"column":4},"end":{"line":33,"column":7}},"11":{"start":{"line":31,"column":6},"end":{"line":32,"column":66}},"12":{"start":{"line":32,"column":8},"end":{"line":32,"column":66}},"13":{"start":{"line":35,"column":4},"end":{"line":35,"column":37}},"14":{"start":{"line":46,"column":4},"end":{"line":47,"column":55}},"15":{"start":{"line":47,"column":6},"end":{"line":47,"column":55}},"16":{"start":{"line":48,"column":4},"end":{"line":48,"column":46}},"17":{"start":{"line":57,"column":4},"end":{"line":59,"column":5}},"18":{"start":{"line":58,"column":6},"end":{"line":58,"column":80}},"19":{"start":{"line":61,"column":15},"end":{"line":61,"column":24}},"20":{"start":{"line":62,"column":4},"end":{"line":64,"column":7}},"21":{"start":{"line":63,"column":6},"end":{"line":63,"column":31}},"22":{"start":{"line":65,"column":4},"end":{"line":65,"column":22}},"23":{"start":{"line":66,"column":4},"end":{"line":66,"column":34}}},"fnMap":{"0":{"name":"(anonymous_0)","decl":{"start":{"line":14,"column":2},"end":{"line":14,"column":3}},"loc":{"start":{"line":14,"column":34},"end":{"line":36,"column":3}},"line":14},"1":{"name":"(anonymous_1)","decl":{"start":{"line":30,"column":25},"end":{"line":30,"column":26}},"loc":{"start":{"line":30,"column":40},"end":{"line":33,"column":5}},"line":30},"2":{"name":"(anonymous_2)","decl":{"start":{"line":44,"column":2},"end":{"line":44,"column":3}},"loc":{"start":{"line":44,"column":24},"end":{"line":49,"column":3}},"line":44},"3":{"name":"(anonymous_3)","decl":{"start":{"line":55,"column":2},"end":{"line":55,"column":3}},"loc":{"start":{"line":55,"column":20},"end":{"line":67,"column":3}},"line":55},"4":{"name":"(anonymous_4)","decl":{"start":{"line":62,"column":30},"end":{"line":62,"column":31}},"loc":{"start":{"line":62,"column":45},"end":{"line":64,"column":5}},"line":62}},"branchMap":{"0":{"loc":{"start":{"line":21,"column":4},"end":{"line":22,"column":13}},"type":"if","locations":[{"start":{"line":21,"column":4},"end":{"line":22,"column":13}},{"start":{"line":21,"column":4},"end":{"line":22,"column":13}}],"line":21},"1":{"loc":{"start":{"line":24,"column":4},"end":{"line":25,"column":55}},"type":"if","locations":[{"start":{"line":24,"column":4},"end":{"line":25,"column":55}},{"start":{"line":24,"column":4},"end":{"line":25,"column":55}}],"line":24},"2":{"loc":{"start":{"line":27,"column":4},"end":{"line":28,"column":63}},"type":"if","locations":[{"start":{"line":27,"column":4},"end":{"line":28,"column":63}},{"start":{"line":27,"column":4},"end":{"line":28,"column":63}}],"line":27},"3":{"loc":{"start":{"line":31,"column":6},"end":{"line":32,"column":66}},"type":"if","locations":[{"start":{"line":31,"column":6},"end":{"line":32,"column":66}},{"start":{"line":31,"column":6},"end":{"line":32,"column":66}}],"line":31},"4":{"loc":{"start":{"line":46,"column":4},"end":{"line":47,"column":55}},"type":"if","locations":[{"start":{"line":46,"column":4},"end":{"line":47,"column":55}},{"start":{"line":46,"column":4},"end":{"line":47,"column":55}}],"line":46},"5":{"loc":{"start":{"line":57,"column":4},"end":{"line":59,"column":5}},"type":"if","locations":[{"start":{"line":57,"column":4},"end":{"line":59,"column":5}},{"start":{"line":57,"column":4},"end":{"line":59,"column":5}}],"line":57}},"s":{"0":20,"1":17,"2":17,"3":17,"4":17,"5":2,"6":15,"7":4,"8":11,"9":1,"10":10,"11":10,"12":3,"13":7,"14":8,"15":4,"16":4,"17":3,"18":1,"19":3,"20":3,"21":2,"22":3,"23":3},"f":{"0":20,"1":10,"2":8,"3":3,"4":2},"b":{"0":[2,15],"1":[4,11],"2":[1,10],"3":[3,7],"4":[4,4],"5":[1,2]},"_coverageSchema":"43e27e138ebf9cfc5966b082cf9a028302ed4184","hash":"79345711775e0fc723e5f0750f5c6d2df5a91d32"}
,"/Users/alacret/workspace/flux-state/src/v2/Store.js": {"path":"/Users/alacret/workspace/flux-state/src/v2/Store.js","statementMap":{"0":{"start":{"line":10,"column":4},"end":{"line":10,"column":21}},"1":{"start":{"line":21,"column":30},"end":{"line":21,"column":59}},"2":{"start":{"line":24,"column":4},"end":{"line":28,"column":7}},"3":{"start":{"line":25,"column":6},"end":{"line":27,"column":7}},"4":{"start":{"line":26,"column":8},"end":{"line":26,"column":99}},"5":{"start":{"line":30,"column":4},"end":{"line":33,"column":31}},"6":{"start":{"line":31,"column":6},"end":{"line":31,"column":45}},"7":{"start":{"line":33,"column":6},"end":{"line":33,"column":31}},"8":{"start":{"line":34,"column":4},"end":{"line":34,"column":24}},"9":{"start":{"line":35,"column":4},"end":{"line":35,"column":22}},"10":{"start":{"line":49,"column":31},"end":{"line":49,"column":60}},"11":{"start":{"line":51,"column":4},"end":{"line":52,"column":55}},"12":{"start":{"line":52,"column":6},"end":{"line":52,"column":55}},"13":{"start":{"line":54,"column":4},"end":{"line":62,"column":5}},"14":{"start":{"line":54,"column":17},"end":{"line":54,"column":18}},"15":{"start":{"line":55,"column":20},"end":{"line":55,"column":34}},"16":{"start":{"line":56,"column":6},"end":{"line":61,"column":7}},"17":{"start":{"line":57,"column":29},"end":{"line":57,"column":56}},"18":{"start":{"line":58,"column":8},"end":{"line":59,"column":34}},"19":{"start":{"line":59,"column":10},"end":{"line":59,"column":34}},"20":{"start":{"line":60,"column":8},"end":{"line":60,"column":28}},"21":{"start":{"line":63,"column":4},"end":{"line":63,"column":78}},"22":{"start":{"line":72,"column":4},"end":{"line":73,"column":45}},"23":{"start":{"line":73,"column":6},"end":{"line":73,"column":45}},"24":{"start":{"line":75,"column":16},"end":{"line":75,"column":18}},"25":{"start":{"line":76,"column":4},"end":{"line":80,"column":7}},"26":{"start":{"line":77,"column":25},"end":{"line":77,"column":36}},"27":{"start":{"line":78,"column":24},"end":{"line":78,"column":34}},"28":{"start":{"line":79,"column":6},"end":{"line":79,"column":61}},"29":{"start":{"line":81,"column":4},"end":{"line":81,"column":26}},"30":{"start":{"line":90,"column":4},"end":{"line":92,"column":45}},"31":{"start":{"line":90,"column":17},"end":{"line":90,"column":18}},"32":{"start":{"line":91,"column":6},"end":{"line":92,"column":45}},"33":{"start":{"line":92,"column":8},"end":{"line":92,"column":45}},"34":{"start":{"line":93,"column":4},"end":{"line":93,"column":69}},"35":{"start":{"line":101,"column":4},"end":{"line":101,"column":53}},"36":{"start":{"line":101,"column":33},"end":{"line":101,"column":51}}},"fnMap":{"0":{"name":"(anonymous_0)","decl":{"start":{"line":8,"column":2},"end":{"line":8,"column":3}},"loc":{"start":{"line":8,"column":16},"end":{"line":11,"column":3}},"line":8},"1":{"name":"(anonymous_1)","decl":{"start":{"line":19,"column":2},"end":{"line":19,"column":3}},"loc":{"start":{"line":19,"column":39},"end":{"line":36,"column":3}},"line":19},"2":{"name":"(anonymous_2)","decl":{"start":{"line":24,"column":24},"end":{"line":24,"column":25}},"loc":{"start":{"line":24,"column":33},"end":{"line":28,"column":5}},"line":24},"3":{"name":"(anonymous_3)","decl":{"start":{"line":47,"column":2},"end":{"line":47,"column":3}},"loc":{"start":{"line":47,"column":61},"end":{"line":64,"column":3}},"line":47},"4":{"name":"(anonymous_4)","decl":{"start":{"line":70,"column":2},"end":{"line":70,"column":3}},"loc":{"start":{"line":70,"column":22},"end":{"line":82,"column":3}},"line":70},"5":{"name":"(anonymous_5)","decl":{"start":{"line":76,"column":24},"end":{"line":76,"column":25}},"loc":{"start":{"line":76,"column":33},"end":{"line":80,"column":5}},"line":76},"6":{"name":"(anonymous_6)","decl":{"start":{"line":88,"column":2},"end":{"line":88,"column":3}},"loc":{"start":{"line":88,"column":29},"end":{"line":94,"column":3}},"line":88},"7":{"name":"(anonymous_7)","decl":{"start":{"line":99,"column":2},"end":{"line":99,"column":3}},"loc":{"start":{"line":99,"column":15},"end":{"line":102,"column":3}},"line":99},"8":{"name":"(anonymous_8)","decl":{"start":{"line":101,"column":24},"end":{"line":101,"column":25}},"loc":{"start":{"line":101,"column":33},"end":{"line":101,"column":51}},"line":101}},"branchMap":{"0":{"loc":{"start":{"line":25,"column":6},"end":{"line":27,"column":7}},"type":"if","locations":[{"start":{"line":25,"column":6},"end":{"line":27,"column":7}},{"start":{"line":25,"column":6},"end":{"line":27,"column":7}}],"line":25},"1":{"loc":{"start":{"line":30,"column":4},"end":{"line":33,"column":31}},"type":"if","locations":[{"start":{"line":30,"column":4},"end":{"line":33,"column":31}},{"start":{"line":30,"column":4},"end":{"line":33,"column":31}}],"line":30},"2":{"loc":{"start":{"line":47,"column":35},"end":{"line":47,"column":59}},"type":"default-arg","locations":[{"start":{"line":47,"column":54},"end":{"line":47,"column":59}}],"line":47},"3":{"loc":{"start":{"line":51,"column":4},"end":{"line":52,"column":55}},"type":"if","locations":[{"start":{"line":51,"column":4},"end":{"line":52,"column":55}},{"start":{"line":51,"column":4},"end":{"line":52,"column":55}}],"line":51},"4":{"loc":{"start":{"line":56,"column":6},"end":{"line":61,"column":7}},"type":"if","locations":[{"start":{"line":56,"column":6},"end":{"line":61,"column":7}},{"start":{"line":56,"column":6},"end":{"line":61,"column":7}}],"line":56},"5":{"loc":{"start":{"line":58,"column":8},"end":{"line":59,"column":34}},"type":"if","locations":[{"start":{"line":58,"column":8},"end":{"line":59,"column":34}},{"start":{"line":58,"column":8},"end":{"line":59,"column":34}}],"line":58},"6":{"loc":{"start":{"line":72,"column":4},"end":{"line":73,"column":45}},"type":"if","locations":[{"start":{"line":72,"column":4},"end":{"line":73,"column":45}},{"start":{"line":72,"column":4},"end":{"line":73,"column":45}}],"line":72},"7":{"loc":{"start":{"line":72,"column":10},"end":{"line":72,"column":55}},"type":"binary-expr","locations":[{"start":{"line":72,"column":10},"end":{"line":72,"column":33}},{"start":{"line":72,"column":37},"end":{"line":72,"column":55}}],"line":72},"8":{"loc":{"start":{"line":91,"column":6},"end":{"line":92,"column":45}},"type":"if","locations":[{"start":{"line":91,"column":6},"end":{"line":92,"column":45}},{"start":{"line":91,"column":6},"end":{"line":92,"column":45}}],"line":91}},"s":{"0":1,"1":3,"2":3,"3":2,"4":1,"5":2,"6":1,"7":1,"8":2,"9":2,"10":6,"11":6,"12":3,"13":3,"14":3,"15":4,"16":4,"17":2,"18":2,"19":1,"20":1,"21":1,"22":4,"23":3,"24":1,"25":1,"26":2,"27":2,"28":2,"29":1,"30":3,"31":3,"32":4,"33":2,"34":1,"35":1,"36":2},"f":{"0":1,"1":3,"2":2,"3":6,"4":4,"5":2,"6":3,"7":1,"8":2},"b":{"0":[1,1],"1":[1,1],"2":[5],"3":[3,3],"4":[2,2],"5":[1,1],"6":[3,1],"7":[4,3],"8":[2,2]},"_coverageSchema":"43e27e138ebf9cfc5966b082cf9a028302ed4184","hash":"bb83e41ca94c01c1f78b4ab2321220ba8caa19b9"}
,"/Users/alacret/workspace/flux-state/src/v2/Util.js": {"path":"/Users/alacret/workspace/flux-state/src/v2/Util.js","statementMap":{"0":{"start":{"line":9,"column":2},"end":{"line":10,"column":47}},"1":{"start":{"line":10,"column":4},"end":{"line":10,"column":47}},"2":{"start":{"line":11,"column":2},"end":{"line":12,"column":42}},"3":{"start":{"line":12,"column":4},"end":{"line":12,"column":42}},"4":{"start":{"line":13,"column":2},"end":{"line":14,"column":53}},"5":{"start":{"line":14,"column":4},"end":{"line":14,"column":53}},"6":{"start":{"line":16,"column":2},"end":{"line":16,"column":14}}},"fnMap":{"0":{"name":"validateText","decl":{"start":{"line":8,"column":9},"end":{"line":8,"column":21}},"loc":{"start":{"line":8,"column":28},"end":{"line":17,"column":1}},"line":8}},"branchMap":{"0":{"loc":{"start":{"line":9,"column":2},"end":{"line":10,"column":47}},"type":"if","locations":[{"start":{"line":9,"column":2},"end":{"line":10,"column":47}},{"start":{"line":9,"column":2},"end":{"line":10,"column":47}}],"line":9},"1":{"loc":{"start":{"line":11,"column":2},"end":{"line":12,"column":42}},"type":"if","locations":[{"start":{"line":11,"column":2},"end":{"line":12,"column":42}},{"start":{"line":11,"column":2},"end":{"line":12,"column":42}}],"line":11},"2":{"loc":{"start":{"line":13,"column":2},"end":{"line":14,"column":53}},"type":"if","locations":[{"start":{"line":13,"column":2},"end":{"line":14,"column":53}},{"start":{"line":13,"column":2},"end":{"line":14,"column":53}}],"line":13}},"s":{"0":36,"1":2,"2":34,"3":2,"4":32,"5":2,"6":30},"f":{"0":36},"b":{"0":[2,34],"1":[2,32],"2":[2,30]},"_coverageSchema":"43e27e138ebf9cfc5966b082cf9a028302ed4184","hash":"bed821aba6ae0b6213a3bb077bf83c10383958b1"}
,"/Users/alacret/workspace/flux-state/src/v2/index.js": {"path":"/Users/alacret/workspace/flux-state/src/v2/index.js","statementMap":{"0":{"start":{"line":5,"column":19},"end":{"line":5,"column":35}},"1":{"start":{"line":7,"column":23},"end":{"line":27,"column":1}},"2":{"start":{"line":9,"column":32},"end":{"line":9,"column":37}},"3":{"start":{"line":10,"column":27},"end":{"line":10,"column":29}},"4":{"start":{"line":11,"column":2},"end":{"line":18,"column":5}},"5":{"start":{"line":12,"column":4},"end":{"line":17,"column":5}},"6":{"start":{"line":15,"column":6},"end":{"line":15,"column":35}},"7":{"start":{"line":16,"column":6},"end":{"line":16,"column":37}},"8":{"start":{"line":20,"column":2},"end":{"line":21,"column":67}},"9":{"start":{"line":21,"column":4},"end":{"line":21,"column":67}},"10":{"start":{"line":23,"column":2},"end":{"line":26,"column":8}},"11":{"start":{"line":24,"column":4},"end":{"line":24,"column":63}},"12":{"start":{"line":24,"column":38},"end":{"line":24,"column":61}},"13":{"start":{"line":25,"column":4},"end":{"line":25,"column":77}},"14":{"start":{"line":25,"column":64},"end":{"line":25,"column":74}},"15":{"start":{"line":29,"column":0},"end":{"line":29,"column":36}},"16":{"start":{"line":36,"column":22},"end":{"line":40,"column":1}},"17":{"start":{"line":38,"column":2},"end":{"line":38,"column":32}},"18":{"start":{"line":39,"column":2},"end":{"line":39,"column":46}},"19":{"start":{"line":42,"column":18},"end":{"line":42,"column":20}}},"fnMap":{"0":{"name":"(anonymous_0)","decl":{"start":{"line":7,"column":23},"end":{"line":7,"column":24}},"loc":{"start":{"line":7,"column":51},"end":{"line":27,"column":1}},"line":7},"1":{"name":"(anonymous_1)","decl":{"start":{"line":11,"column":20},"end":{"line":11,"column":21}},"loc":{"start":{"line":11,"column":29},"end":{"line":18,"column":3}},"line":11},"2":{"name":"(anonymous_2)","decl":{"start":{"line":23,"column":13},"end":{"line":23,"column":14}},"loc":{"start":{"line":23,"column":19},"end":{"line":26,"column":3}},"line":23},"3":{"name":"(anonymous_3)","decl":{"start":{"line":24,"column":29},"end":{"line":24,"column":30}},"loc":{"start":{"line":24,"column":38},"end":{"line":24,"column":61}},"line":24},"4":{"name":"(anonymous_4)","decl":{"start":{"line":25,"column":55},"end":{"line":25,"column":56}},"loc":{"start":{"line":25,"column":64},"end":{"line":25,"column":74}},"line":25},"5":{"name":"(anonymous_5)","decl":{"start":{"line":36,"column":22},"end":{"line":36,"column":23}},"loc":{"start":{"line":36,"column":48},"end":{"line":40,"column":1}},"line":36}},"branchMap":{"0":{"loc":{"start":{"line":12,"column":4},"end":{"line":17,"column":5}},"type":"if","locations":[{"start":{"line":12,"column":4},"end":{"line":17,"column":5}},{"start":{"line":12,"column":4},"end":{"line":17,"column":5}}],"line":12},"1":{"loc":{"start":{"line":20,"column":2},"end":{"line":21,"column":67}},"type":"if","locations":[{"start":{"line":20,"column":2},"end":{"line":21,"column":67}},{"start":{"line":20,"column":2},"end":{"line":21,"column":67}}],"line":20}},"s":{"0":1,"1":1,"2":4,"3":4,"4":4,"5":8,"6":3,"7":3,"8":4,"9":1,"10":3,"11":0,"12":0,"13":0,"14":0,"15":1,"16":1,"17":7,"18":4,"19":1},"f":{"0":4,"1":8,"2":0,"3":0,"4":0,"5":7},"b":{"0":[3,5],"1":[1,3]},"_coverageSchema":"43e27e138ebf9cfc5966b082cf9a028302ed4184","hash":"60caad21b03b261139604fba7d8ceea8645ad357"}
}
