TN:
SF:/Users/alacret/workspace/flux-state/src/v2/Event.js
FN:14,(anonymous_0)
FN:30,(anonymous_1)
FN:44,(anonymous_2)
FN:55,(anonymous_3)
FN:62,(anonymous_4)
FNF:5
FNH:5
FNDA:20,(anonymous_0)
FNDA:10,(anonymous_1)
FNDA:8,(anonymous_2)
FNDA:6,(anonymous_3)
FNDA:5,(anonymous_4)
DA:16,20
DA:17,17
DA:18,17
DA:19,17
DA:21,17
DA:22,2
DA:24,15
DA:25,4
DA:27,11
DA:28,1
DA:30,10
DA:31,10
DA:32,3
DA:35,7
DA:46,8
DA:47,4
DA:48,4
DA:57,6
DA:58,1
DA:61,6
DA:62,6
DA:63,5
DA:65,6
DA:66,6
LF:24
LH:24
BRDA:21,0,0,2
BRDA:21,0,1,15
BRDA:24,1,0,4
BRDA:24,1,1,11
BRDA:27,2,0,1
BRDA:27,2,1,10
BRDA:31,3,0,3
BRDA:31,3,1,7
BRDA:46,4,0,4
BRDA:46,4,1,4
BRDA:57,5,0,1
BRDA:57,5,1,5
BRF:12
BRH:12
end_of_record
TN:
SF:/Users/alacret/workspace/flux-state/src/v2/Store.js
FN:8,(anonymous_0)
FN:19,(anonymous_1)
FN:24,(anonymous_2)
FN:47,(anonymous_3)
FN:70,(anonymous_4)
FN:76,(anonymous_5)
FN:88,(anonymous_6)
FN:99,(anonymous_7)
FN:101,(anonymous_8)
FNF:9
FNH:9
FNDA:1,(anonymous_0)
FNDA:3,(anonymous_1)
FNDA:2,(anonymous_2)
FNDA:6,(anonymous_3)
FNDA:4,(anonymous_4)
FNDA:2,(anonymous_5)
FNDA:3,(anonymous_6)
FNDA:1,(anonymous_7)
FNDA:2,(anonymous_8)
DA:10,1
DA:21,3
DA:24,3
DA:25,2
DA:26,1
DA:30,2
DA:31,1
DA:33,1
DA:34,2
DA:35,2
DA:49,6
DA:51,6
DA:52,3
DA:54,3
DA:55,4
DA:56,4
DA:57,2
DA:58,2
DA:59,1
DA:60,2
DA:63,1
DA:72,4
DA:73,3
DA:75,1
DA:76,1
DA:77,2
DA:78,2
DA:79,2
DA:81,1
DA:90,3
DA:91,4
DA:92,2
DA:93,1
DA:101,2
LF:34
LH:34
BRDA:25,0,0,1
BRDA:25,0,1,1
BRDA:30,1,0,1
BRDA:30,1,1,1
BRDA:47,2,0,5
BRDA:51,3,0,3
BRDA:51,3,1,3
BRDA:56,4,0,2
BRDA:56,4,1,2
BRDA:58,5,0,1
BRDA:58,5,1,1
BRDA:72,6,0,3
BRDA:72,6,1,1
BRDA:72,7,0,4
BRDA:72,7,1,3
BRDA:91,8,0,2
BRDA:91,8,1,2
BRF:17
BRH:17
end_of_record
TN:
SF:/Users/alacret/workspace/flux-state/src/v2/Util.js
FN:8,validateText
FNF:1
FNH:1
FNDA:36,validateText
DA:9,36
DA:10,2
DA:11,34
DA:12,2
DA:13,32
DA:14,2
DA:16,30
LF:7
LH:7
BRDA:9,0,0,2
BRDA:9,0,1,34
BRDA:11,1,0,2
BRDA:11,1,1,32
BRDA:13,2,0,2
BRDA:13,2,1,30
BRF:6
BRH:6
end_of_record
TN:
SF:/Users/alacret/workspace/flux-state/src/v2/index.js
FN:7,(anonymous_0)
FN:11,(anonymous_1)
FN:23,(anonymous_2)
FN:24,(anonymous_3)
FN:25,(anonymous_4)
FN:27,(anonymous_5)
FN:38,(anonymous_6)
FNF:7
FNH:7
FNDA:4,(anonymous_0)
FNDA:8,(anonymous_1)
FNDA:3,(anonymous_2)
FNDA:3,(anonymous_3)
FNDA:3,(anonymous_4)
FNDA:3,(anonymous_5)
FNDA:7,(anonymous_6)
DA:5,1
DA:7,1
DA:9,4
DA:10,4
DA:11,4
DA:12,8
DA:15,3
DA:16,3
DA:20,4
DA:21,1
DA:23,3
DA:24,3
DA:25,3
DA:27,3
DA:28,3
DA:31,1
DA:38,1
DA:40,7
DA:41,4
DA:44,1
LF:20
LH:20
BRDA:12,0,0,3
BRDA:12,0,1,5
BRDA:20,1,0,1
BRDA:20,1,1,3
BRF:4
BRH:4
end_of_record
